[2024-06-01 13:46:20] local.ERROR: No application encryption key has been specified. {"exception":"[object] (Illuminate\\Encryption\\MissingAppKeyException(code: 0): No application encryption key has been specified. at D:\\laravelku\\Skripsiku\\Laravel-MYSQL-Bootstrap\\laravel-main\\vendor\\laravel\\framework\\src\\Illuminate\\Encryption\\EncryptionServiceProvider.php:79)
[stacktrace]
#0 D:\\laravelku\\Skripsiku\\Laravel-MYSQL-Bootstrap\\laravel-main\\vendor\\laravel\\framework\\src\\Illuminate\\Support\\helpers.php(307): Illuminate\\Encryption\\EncryptionServiceProvider->Illuminate\\Encryption\\{closure}('')
#1 D:\\laravelku\\Skripsiku\\Laravel-MYSQL-Bootstrap\\laravel-main\\vendor\\laravel\\framework\\src\\Illuminate\\Encryption\\EncryptionServiceProvider.php(77): tap('', Object(Closure))
#2 D:\\laravelku\\Skripsiku\\Laravel-MYSQL-Bootstrap\\laravel-main\\vendor\\laravel\\framework\\src\\Illuminate\\Encryption\\EncryptionServiceProvider.php(60): Illuminate\\Encryption\\EncryptionServiceProvider->key(Array)
#3 D:\\laravelku\\Skripsiku\\Laravel-MYSQL-Bootstrap\\laravel-main\\vendor\\laravel\\framework\\src\\Illuminate\\Encryption\\EncryptionServiceProvider.php(32): Illuminate\\Encryption\\EncryptionServiceProvider->parseKey(Array)
#4 D:\\laravelku\\Skripsiku\\Laravel-MYSQL-Bootstrap\\laravel-main\\vendor\\laravel\\framework\\src\\Illuminate\\Container\\Container.php(908): Illuminate\\Encryption\\EncryptionServiceProvider->Illuminate\\Encryption\\{closure}(Object(Illuminate\\Foundation\\Application), Array)
#5 D:\\laravelku\\Skripsiku\\Laravel-MYSQL-Bootstrap\\laravel-main\\vendor\\laravel\\framework\\src\\Illuminate\\Container\\Container.php(795): Illuminate\\Container\\Container->build(Object(Closure))
#6 D:\\laravelku\\Skripsiku\\Laravel-MYSQL-Bootstrap\\laravel-main\\vendor\\laravel\\framework\\src\\Illuminate\\Foundation\\Application.php(957): Illuminate\\Container\\Container->resolve('encrypter', Array, true)
#7 D:\\laravelku\\Skripsiku\\Laravel-MYSQL-Bootstrap\\laravel-main\\vendor\\laravel\\framework\\src\\Illuminate\\Container\\Container.php(731): Illuminate\\Foundation\\Application->resolve('encrypter', Array)
#8 D:\\laravelku\\Skripsiku\\Laravel-MYSQL-Bootstrap\\laravel-main\\vendor\\laravel\\framework\\src\\Illuminate\\Foundation\\Application.php(942): Illuminate\\Container\\Container->make('encrypter', Array)
#9 D:\\laravelku\\Skripsiku\\Laravel-MYSQL-Bootstrap\\laravel-main\\vendor\\laravel\\framework\\src\\Illuminate\\Container\\Container.php(1066): Illuminate\\Foundation\\Application->make('encrypter')
#10 D:\\laravelku\\Skripsiku\\Laravel-MYSQL-Bootstrap\\laravel-main\\vendor\\laravel\\framework\\src\\Illuminate\\Container\\Container.php(982): Illuminate\\Container\\Container->resolveClass(Object(ReflectionParameter))
#11 D:\\laravelku\\Skripsiku\\Laravel-MYSQL-Bootstrap\\laravel-main\\vendor\\laravel\\framework\\src\\Illuminate\\Container\\Container.php(943): Illuminate\\Container\\Container->resolveDependencies(Array)
#12 D:\\laravelku\\Skripsiku\\Laravel-MYSQL-Bootstrap\\laravel-main\\vendor\\laravel\\framework\\src\\Illuminate\\Container\\Container.php(795): Illuminate\\Container\\Container->build('App\\\\Http\\\\Middle...')
#13 D:\\laravelku\\Skripsiku\\Laravel-MYSQL-Bootstrap\\laravel-main\\vendor\\laravel\\framework\\src\\Illuminate\\Foundation\\Application.php(957): Illuminate\\Container\\Container->resolve('App\\\\Http\\\\Middle...', Array, true)
#14 D:\\laravelku\\Skripsiku\\Laravel-MYSQL-Bootstrap\\laravel-main\\vendor\\laravel\\framework\\src\\Illuminate\\Container\\Container.php(731): Illuminate\\Foundation\\Application->resolve('App\\\\Http\\\\Middle...', Array)
#15 D:\\laravelku\\Skripsiku\\Laravel-MYSQL-Bootstrap\\laravel-main\\vendor\\laravel\\framework\\src\\Illuminate\\Foundation\\Application.php(942): Illuminate\\Container\\Container->make('App\\\\Http\\\\Middle...', Array)
#16 D:\\laravelku\\Skripsiku\\Laravel-MYSQL-Bootstrap\\laravel-main\\vendor\\laravel\\framework\\src\\Illuminate\\Pipeline\\Pipeline.php(172): Illuminate\\Foundation\\Application->make('App\\\\Http\\\\Middle...')
#17 D:\\laravelku\\Skripsiku\\Laravel-MYSQL-Bootstrap\\laravel-main\\vendor\\laravel\\framework\\src\\Illuminate\\Pipeline\\Pipeline.php(119): Illuminate\\Pipeline\\Pipeline->Illuminate\\Pipeline\\{closure}(Object(Illuminate\\Http\\Request))
#18 D:\\laravelku\\Skripsiku\\Laravel-MYSQL-Bootstrap\\laravel-main\\vendor\\laravel\\framework\\src\\Illuminate\\Routing\\Router.php(805): Illuminate\\Pipeline\\Pipeline->then(Object(Closure))
#19 D:\\laravelku\\Skripsiku\\Laravel-MYSQL-Bootstrap\\laravel-main\\vendor\\laravel\\framework\\src\\Illuminate\\Routing\\Router.php(784): Illuminate\\Routing\\Router->runRouteWithinStack(Object(Illuminate\\Routing\\Route), Object(Illuminate\\Http\\Request))
#20 D:\\laravelku\\Skripsiku\\Laravel-MYSQL-Bootstrap\\laravel-main\\vendor\\laravel\\framework\\src\\Illuminate\\Routing\\Router.php(748): Illuminate\\Routing\\Router->runRoute(Object(Illuminate\\Http\\Request), Object(Illuminate\\Routing\\Route))
#21 D:\\laravelku\\Skripsiku\\Laravel-MYSQL-Bootstrap\\laravel-main\\vendor\\laravel\\framework\\src\\Illuminate\\Routing\\Router.php(737): Illuminate\\Routing\\Router->dispatchToRoute(Object(Illuminate\\Http\\Request))
#22 D:\\laravelku\\Skripsiku\\Laravel-MYSQL-Bootstrap\\laravel-main\\vendor\\laravel\\framework\\src\\Illuminate\\Foundation\\Http\\Kernel.php(200): Illuminate\\Routing\\Router->dispatch(Object(Illuminate\\Http\\Request))
#23 D:\\laravelku\\Skripsiku\\Laravel-MYSQL-Bootstrap\\laravel-main\\vendor\\laravel\\framework\\src\\Illuminate\\Pipeline\\Pipeline.php(144): Illuminate\\Foundation\\Http\\Kernel->Illuminate\\Foundation\\Http\\{closure}(Object(Illuminate\\Http\\Request))
#24 D:\\laravelku\\Skripsiku\\Laravel-MYSQL-Bootstrap\\laravel-main\\vendor\\laravel\\framework\\src\\Illuminate\\Foundation\\Http\\Middleware\\TransformsRequest.php(21): Illuminate\\Pipeline\\Pipeline->Illuminate\\Pipeline\\{closure}(Object(Illuminate\\Http\\Request))
#25 D:\\laravelku\\Skripsiku\\Laravel-MYSQL-Bootstrap\\laravel-main\\vendor\\laravel\\framework\\src\\Illuminate\\Foundation\\Http\\Middleware\\ConvertEmptyStringsToNull.php(31): Illuminate\\Foundation\\Http\\Middleware\\TransformsRequest->handle(Object(Illuminate\\Http\\Request), Object(Closure))
#26 D:\\laravelku\\Skripsiku\\Laravel-MYSQL-Bootstrap\\laravel-main\\vendor\\laravel\\framework\\src\\Illuminate\\Pipeline\\Pipeline.php(183): Illuminate\\Foundation\\Http\\Middleware\\ConvertEmptyStringsToNull->handle(Object(Illuminate\\Http\\Request), Object(Closure))
#27 D:\\laravelku\\Skripsiku\\Laravel-MYSQL-Bootstrap\\laravel-main\\vendor\\laravel\\framework\\src\\Illuminate\\Foundation\\Http\\Middleware\\TransformsRequest.php(21): Illuminate\\Pipeline\\Pipeline->Illuminate\\Pipeline\\{closure}(Object(Illuminate\\Http\\Request))
#28 D:\\laravelku\\Skripsiku\\Laravel-MYSQL-Bootstrap\\laravel-main\\vendor\\laravel\\framework\\src\\Illuminate\\Foundation\\Http\\Middleware\\TrimStrings.php(40): Illuminate\\Foundation\\Http\\Middleware\\TransformsRequest->handle(Object(Illuminate\\Http\\Request), Object(Closure))
#29 D:\\laravelku\\Skripsiku\\Laravel-MYSQL-Bootstrap\\laravel-main\\vendor\\laravel\\framework\\src\\Illuminate\\Pipeline\\Pipeline.php(183): Illuminate\\Foundation\\Http\\Middleware\\TrimStrings->handle(Object(Illuminate\\Http\\Request), Object(Closure))
#30 D:\\laravelku\\Skripsiku\\Laravel-MYSQL-Bootstrap\\laravel-main\\vendor\\laravel\\framework\\src\\Illuminate\\Foundation\\Http\\Middleware\\ValidatePostSize.php(27): Illuminate\\Pipeline\\Pipeline->Illuminate\\Pipeline\\{closure}(Object(Illuminate\\Http\\Request))
#31 D:\\laravelku\\Skripsiku\\Laravel-MYSQL-Bootstrap\\laravel-main\\vendor\\laravel\\framework\\src\\Illuminate\\Pipeline\\Pipeline.php(183): Illuminate\\Foundation\\Http\\Middleware\\ValidatePostSize->handle(Object(Illuminate\\Http\\Request), Object(Closure))
#32 D:\\laravelku\\Skripsiku\\Laravel-MYSQL-Bootstrap\\laravel-main\\vendor\\laravel\\framework\\src\\Illuminate\\Foundation\\Http\\Middleware\\PreventRequestsDuringMaintenance.php(99): Illuminate\\Pipeline\\Pipeline->Illuminate\\Pipeline\\{closure}(Object(Illuminate\\Http\\Request))
#33 D:\\laravelku\\Skripsiku\\Laravel-MYSQL-Bootstrap\\laravel-main\\vendor\\laravel\\framework\\src\\Illuminate\\Pipeline\\Pipeline.php(183): Illuminate\\Foundation\\Http\\Middleware\\PreventRequestsDuringMaintenance->handle(Object(Illuminate\\Http\\Request), Object(Closure))
#34 D:\\laravelku\\Skripsiku\\Laravel-MYSQL-Bootstrap\\laravel-main\\vendor\\laravel\\framework\\src\\Illuminate\\Http\\Middleware\\HandleCors.php(49): Illuminate\\Pipeline\\Pipeline->Illuminate\\Pipeline\\{closure}(Object(Illuminate\\Http\\Request))
#35 D:\\laravelku\\Skripsiku\\Laravel-MYSQL-Bootstrap\\laravel-main\\vendor\\laravel\\framework\\src\\Illuminate\\Pipeline\\Pipeline.php(183): Illuminate\\Http\\Middleware\\HandleCors->handle(Object(Illuminate\\Http\\Request), Object(Closure))
#36 D:\\laravelku\\Skripsiku\\Laravel-MYSQL-Bootstrap\\laravel-main\\vendor\\laravel\\framework\\src\\Illuminate\\Http\\Middleware\\TrustProxies.php(39): Illuminate\\Pipeline\\Pipeline->Illuminate\\Pipeline\\{closure}(Object(Illuminate\\Http\\Request))
#37 D:\\laravelku\\Skripsiku\\Laravel-MYSQL-Bootstrap\\laravel-main\\vendor\\laravel\\framework\\src\\Illuminate\\Pipeline\\Pipeline.php(183): Illuminate\\Http\\Middleware\\TrustProxies->handle(Object(Illuminate\\Http\\Request), Object(Closure))
#38 D:\\laravelku\\Skripsiku\\Laravel-MYSQL-Bootstrap\\laravel-main\\vendor\\laravel\\framework\\src\\Illuminate\\Pipeline\\Pipeline.php(119): Illuminate\\Pipeline\\Pipeline->Illuminate\\Pipeline\\{closure}(Object(Illuminate\\Http\\Request))
#39 D:\\laravelku\\Skripsiku\\Laravel-MYSQL-Bootstrap\\laravel-main\\vendor\\laravel\\framework\\src\\Illuminate\\Foundation\\Http\\Kernel.php(175): Illuminate\\Pipeline\\Pipeline->then(Object(Closure))
#40 D:\\laravelku\\Skripsiku\\Laravel-MYSQL-Bootstrap\\laravel-main\\vendor\\laravel\\framework\\src\\Illuminate\\Foundation\\Http\\Kernel.php(144): Illuminate\\Foundation\\Http\\Kernel->sendRequestThroughRouter(Object(Illuminate\\Http\\Request))
#41 D:\\laravelku\\Skripsiku\\Laravel-MYSQL-Bootstrap\\laravel-main\\public\\index.php(51): Illuminate\\Foundation\\Http\\Kernel->handle(Object(Illuminate\\Http\\Request))
#42 D:\\laravelku\\Skripsiku\\Laravel-MYSQL-Bootstrap\\laravel-main\\vendor\\laravel\\framework\\src\\Illuminate\\Foundation\\resources\\server.php(16): require_once('D:\\\\laravelku\\\\Sk...')
#43 {main}
"} 
[2024-06-01 13:46:20] local.ERROR: No application encryption key has been specified. {"exception":"[object] (Illuminate\\Encryption\\MissingAppKeyException(code: 0): No application encryption key has been specified. at D:\\laravelku\\Skripsiku\\Laravel-MYSQL-Bootstrap\\laravel-main\\vendor\\laravel\\framework\\src\\Illuminate\\Encryption\\EncryptionServiceProvider.php:79)
[stacktrace]
#0 D:\\laravelku\\Skripsiku\\Laravel-MYSQL-Bootstrap\\laravel-main\\vendor\\laravel\\framework\\src\\Illuminate\\Support\\helpers.php(307): Illuminate\\Encryption\\EncryptionServiceProvider->Illuminate\\Encryption\\{closure}('')
#1 D:\\laravelku\\Skripsiku\\Laravel-MYSQL-Bootstrap\\laravel-main\\vendor\\laravel\\framework\\src\\Illuminate\\Encryption\\EncryptionServiceProvider.php(77): tap('', Object(Closure))
#2 D:\\laravelku\\Skripsiku\\Laravel-MYSQL-Bootstrap\\laravel-main\\vendor\\laravel\\framework\\src\\Illuminate\\Encryption\\EncryptionServiceProvider.php(60): Illuminate\\Encryption\\EncryptionServiceProvider->key(Array)
#3 D:\\laravelku\\Skripsiku\\Laravel-MYSQL-Bootstrap\\laravel-main\\vendor\\laravel\\framework\\src\\Illuminate\\Encryption\\EncryptionServiceProvider.php(32): Illuminate\\Encryption\\EncryptionServiceProvider->parseKey(Array)
#4 D:\\laravelku\\Skripsiku\\Laravel-MYSQL-Bootstrap\\laravel-main\\vendor\\laravel\\framework\\src\\Illuminate\\Container\\Container.php(908): Illuminate\\Encryption\\EncryptionServiceProvider->Illuminate\\Encryption\\{closure}(Object(Illuminate\\Foundation\\Application), Array)
#5 D:\\laravelku\\Skripsiku\\Laravel-MYSQL-Bootstrap\\laravel-main\\vendor\\laravel\\framework\\src\\Illuminate\\Container\\Container.php(795): Illuminate\\Container\\Container->build(Object(Closure))
#6 D:\\laravelku\\Skripsiku\\Laravel-MYSQL-Bootstrap\\laravel-main\\vendor\\laravel\\framework\\src\\Illuminate\\Foundation\\Application.php(957): Illuminate\\Container\\Container->resolve('encrypter', Array, true)
#7 D:\\laravelku\\Skripsiku\\Laravel-MYSQL-Bootstrap\\laravel-main\\vendor\\laravel\\framework\\src\\Illuminate\\Container\\Container.php(731): Illuminate\\Foundation\\Application->resolve('encrypter', Array)
#8 D:\\laravelku\\Skripsiku\\Laravel-MYSQL-Bootstrap\\laravel-main\\vendor\\laravel\\framework\\src\\Illuminate\\Foundation\\Application.php(942): Illuminate\\Container\\Container->make('encrypter', Array)
#9 D:\\laravelku\\Skripsiku\\Laravel-MYSQL-Bootstrap\\laravel-main\\vendor\\laravel\\framework\\src\\Illuminate\\Container\\Container.php(1066): Illuminate\\Foundation\\Application->make('encrypter')
#10 D:\\laravelku\\Skripsiku\\Laravel-MYSQL-Bootstrap\\laravel-main\\vendor\\laravel\\framework\\src\\Illuminate\\Container\\Container.php(982): Illuminate\\Container\\Container->resolveClass(Object(ReflectionParameter))
#11 D:\\laravelku\\Skripsiku\\Laravel-MYSQL-Bootstrap\\laravel-main\\vendor\\laravel\\framework\\src\\Illuminate\\Container\\Container.php(943): Illuminate\\Container\\Container->resolveDependencies(Array)
#12 D:\\laravelku\\Skripsiku\\Laravel-MYSQL-Bootstrap\\laravel-main\\vendor\\laravel\\framework\\src\\Illuminate\\Container\\Container.php(795): Illuminate\\Container\\Container->build('App\\\\Http\\\\Middle...')
#13 D:\\laravelku\\Skripsiku\\Laravel-MYSQL-Bootstrap\\laravel-main\\vendor\\laravel\\framework\\src\\Illuminate\\Foundation\\Application.php(957): Illuminate\\Container\\Container->resolve('App\\\\Http\\\\Middle...', Array, true)
#14 D:\\laravelku\\Skripsiku\\Laravel-MYSQL-Bootstrap\\laravel-main\\vendor\\laravel\\framework\\src\\Illuminate\\Container\\Container.php(731): Illuminate\\Foundation\\Application->resolve('App\\\\Http\\\\Middle...', Array)
#15 D:\\laravelku\\Skripsiku\\Laravel-MYSQL-Bootstrap\\laravel-main\\vendor\\laravel\\framework\\src\\Illuminate\\Foundation\\Application.php(942): Illuminate\\Container\\Container->make('App\\\\Http\\\\Middle...', Array)
#16 D:\\laravelku\\Skripsiku\\Laravel-MYSQL-Bootstrap\\laravel-main\\vendor\\laravel\\framework\\src\\Illuminate\\Foundation\\Http\\Kernel.php(255): Illuminate\\Foundation\\Application->make('App\\\\Http\\\\Middle...')
#17 D:\\laravelku\\Skripsiku\\Laravel-MYSQL-Bootstrap\\laravel-main\\vendor\\laravel\\framework\\src\\Illuminate\\Foundation\\Http\\Kernel.php(213): Illuminate\\Foundation\\Http\\Kernel->terminateMiddleware(Object(Illuminate\\Http\\Request), Object(Illuminate\\Http\\Response))
#18 D:\\laravelku\\Skripsiku\\Laravel-MYSQL-Bootstrap\\laravel-main\\public\\index.php(55): Illuminate\\Foundation\\Http\\Kernel->terminate(Object(Illuminate\\Http\\Request), Object(Illuminate\\Http\\Response))
#19 D:\\laravelku\\Skripsiku\\Laravel-MYSQL-Bootstrap\\laravel-main\\vendor\\laravel\\framework\\src\\Illuminate\\Foundation\\resources\\server.php(16): require_once('D:\\\\laravelku\\\\Sk...')
#20 {main}
"} 
[2024-06-01 14:33:53] local.ERROR: rename(D:\laravelku\Skripsiku\Laravel-MYSQL-Bootstrap\laravel-main\bootstrap\cache\pac9CF4.tmp,D:\laravelku\Skripsiku\Laravel-MYSQL-Bootstrap\laravel-main\bootstrap\cache\packages.php): Access is denied (code: 5) {"exception":"[object] (ErrorException(code: 0): rename(D:\\laravelku\\Skripsiku\\Laravel-MYSQL-Bootstrap\\laravel-main\\bootstrap\\cache\\pac9CF4.tmp,D:\\laravelku\\Skripsiku\\Laravel-MYSQL-Bootstrap\\laravel-main\\bootstrap\\cache\\packages.php): Access is denied (code: 5) at D:\\laravelku\\Skripsiku\\Laravel-MYSQL-Bootstrap\\laravel-main\\vendor\\laravel\\framework\\src\\Illuminate\\Filesystem\\Filesystem.php:234)
[stacktrace]
#0 D:\\laravelku\\Skripsiku\\Laravel-MYSQL-Bootstrap\\laravel-main\\vendor\\laravel\\framework\\src\\Illuminate\\Foundation\\Bootstrap\\HandleExceptions.php(255): Illuminate\\Foundation\\Bootstrap\\HandleExceptions->handleError(2, 'rename(D:\\\\larav...', 'D:\\\\laravelku\\\\Sk...', 234)
#1 [internal function]: Illuminate\\Foundation\\Bootstrap\\HandleExceptions->Illuminate\\Foundation\\Bootstrap\\{closure}(2, 'rename(D:\\\\larav...', 'D:\\\\laravelku\\\\Sk...', 234)
#2 D:\\laravelku\\Skripsiku\\Laravel-MYSQL-Bootstrap\\laravel-main\\vendor\\laravel\\framework\\src\\Illuminate\\Filesystem\\Filesystem.php(234): rename('D:\\\\laravelku\\\\Sk...', 'D:\\\\laravelku\\\\Sk...')
#3 D:\\laravelku\\Skripsiku\\Laravel-MYSQL-Bootstrap\\laravel-main\\vendor\\laravel\\framework\\src\\Illuminate\\Foundation\\PackageManifest.php(181): Illuminate\\Filesystem\\Filesystem->replace('D:\\\\laravelku\\\\Sk...', '<?php return ar...')
#4 D:\\laravelku\\Skripsiku\\Laravel-MYSQL-Bootstrap\\laravel-main\\vendor\\laravel\\framework\\src\\Illuminate\\Foundation\\PackageManifest.php(131): Illuminate\\Foundation\\PackageManifest->write(Array)
#5 D:\\laravelku\\Skripsiku\\Laravel-MYSQL-Bootstrap\\laravel-main\\vendor\\laravel\\framework\\src\\Illuminate\\Foundation\\PackageManifest.php(107): Illuminate\\Foundation\\PackageManifest->build()
#6 D:\\laravelku\\Skripsiku\\Laravel-MYSQL-Bootstrap\\laravel-main\\vendor\\laravel\\framework\\src\\Illuminate\\Foundation\\PackageManifest.php(90): Illuminate\\Foundation\\PackageManifest->getManifest()
#7 D:\\laravelku\\Skripsiku\\Laravel-MYSQL-Bootstrap\\laravel-main\\vendor\\laravel\\framework\\src\\Illuminate\\Foundation\\PackageManifest.php(79): Illuminate\\Foundation\\PackageManifest->config('aliases')
#8 D:\\laravelku\\Skripsiku\\Laravel-MYSQL-Bootstrap\\laravel-main\\vendor\\laravel\\framework\\src\\Illuminate\\Foundation\\Bootstrap\\RegisterFacades.php(26): Illuminate\\Foundation\\PackageManifest->aliases()
#9 D:\\laravelku\\Skripsiku\\Laravel-MYSQL-Bootstrap\\laravel-main\\vendor\\laravel\\framework\\src\\Illuminate\\Foundation\\Application.php(263): Illuminate\\Foundation\\Bootstrap\\RegisterFacades->bootstrap(Object(Illuminate\\Foundation\\Application))
#10 D:\\laravelku\\Skripsiku\\Laravel-MYSQL-Bootstrap\\laravel-main\\vendor\\laravel\\framework\\src\\Illuminate\\Foundation\\Console\\Kernel.php(447): Illuminate\\Foundation\\Application->bootstrapWith(Array)
#11 D:\\laravelku\\Skripsiku\\Laravel-MYSQL-Bootstrap\\laravel-main\\vendor\\laravel\\framework\\src\\Illuminate\\Foundation\\Console\\Kernel.php(199): Illuminate\\Foundation\\Console\\Kernel->bootstrap()
#12 Command line code(1): Illuminate\\Foundation\\Console\\Kernel->handle(Object(Symfony\\Component\\Console\\Input\\ArgvInput), Object(Symfony\\Component\\Console\\Output\\ConsoleOutput))
#13 {main}
"} 
[2024-07-01 15:10:38] local.ERROR: Command "make:auth" is not defined.

Did you mean one of these?
    make:cast
    make:channel
    make:command
    make:component
    make:controller
    make:event
    make:exception
    make:factory
    make:job
    make:listener
    make:mail
    make:middleware
    make:migration
    make:model
    make:notification
    make:observer
    make:policy
    make:provider
    make:request
    make:resource
    make:rule
    make:scope
    make:seeder
    make:test
    make:view {"exception":"[object] (Symfony\\Component\\Console\\Exception\\CommandNotFoundException(code: 0): Command \"make:auth\" is not defined.

Did you mean one of these?
    make:cast
    make:channel
    make:command
    make:component
    make:controller
    make:event
    make:exception
    make:factory
    make:job
    make:listener
    make:mail
    make:middleware
    make:migration
    make:model
    make:notification
    make:observer
    make:policy
    make:provider
    make:request
    make:resource
    make:rule
    make:scope
    make:seeder
    make:test
    make:view at D:\\laravelku\\Skripsiku\\Laravel-MYSQL-Bootstrap\\my-project\\vendor\\symfony\\console\\Application.php:737)
[stacktrace]
#0 D:\\laravelku\\Skripsiku\\Laravel-MYSQL-Bootstrap\\my-project\\vendor\\symfony\\console\\Application.php(266): Symfony\\Component\\Console\\Application->find('make:auth')
#1 D:\\laravelku\\Skripsiku\\Laravel-MYSQL-Bootstrap\\my-project\\vendor\\symfony\\console\\Application.php(175): Symfony\\Component\\Console\\Application->doRun(Object(Symfony\\Component\\Console\\Input\\ArgvInput), Object(Symfony\\Component\\Console\\Output\\ConsoleOutput))
#2 D:\\laravelku\\Skripsiku\\Laravel-MYSQL-Bootstrap\\my-project\\vendor\\laravel\\framework\\src\\Illuminate\\Foundation\\Console\\Kernel.php(201): Symfony\\Component\\Console\\Application->run(Object(Symfony\\Component\\Console\\Input\\ArgvInput), Object(Symfony\\Component\\Console\\Output\\ConsoleOutput))
#3 D:\\laravelku\\Skripsiku\\Laravel-MYSQL-Bootstrap\\my-project\\artisan(35): Illuminate\\Foundation\\Console\\Kernel->handle(Object(Symfony\\Component\\Console\\Input\\ArgvInput), Object(Symfony\\Component\\Console\\Output\\ConsoleOutput))
#4 {main}
"} 
